2018-08-10 18:00:02,148 INFO [restartedMain] a.k.Application [StartupInfoLogger.java:48] Starting Application on Wegls-Mac with PID 4689 (/Users/Wegls/Documents/git/kuchel/target/classes started by Wegls in /Users/Wegls/Documents/git/kuchel)
2018-08-10 18:00:02,161 INFO [restartedMain] a.k.Application [SpringApplication.java:637] No active profile set, falling back to default profiles: default
2018-08-10 18:00:02,629 INFO [restartedMain] o.s.b.c.e.AnnotationConfigEmbeddedWebApplicationContext [AbstractApplicationContext.java:582] Refreshing org.springframework.boot.context.embedded.AnnotationConfigEmbeddedWebApplicationContext@656c9b15: startup date [Fri Aug 10 18:00:02 CEST 2018]; root of context hierarchy
2018-08-10 18:00:04,415 INFO [restartedMain] o.s.c.s.PostProcessorRegistrationDelegate$BeanPostProcessorChecker [PostProcessorRegistrationDelegate.java:325] Bean 'org.springframework.transaction.annotation.ProxyTransactionManagementConfiguration' of type [org.springframework.transaction.annotation.ProxyTransactionManagementConfiguration$$EnhancerBySpringCGLIB$$1779ed0e] is not eligible for getting processed by all BeanPostProcessors (for example: not eligible for auto-proxying)
2018-08-10 18:00:04,704 INFO [restartedMain] o.s.b.c.e.t.TomcatEmbeddedServletContainer [TomcatEmbeddedServletContainer.java:89] Tomcat initialized with port(s): 8080 (http)
2018-08-10 18:00:04,712 INFO [restartedMain] o.a.c.c.StandardService [DirectJDKLog.java:179] Starting service Tomcat
2018-08-10 18:00:04,713 INFO [restartedMain] o.a.c.c.StandardEngine [DirectJDKLog.java:179] Starting Servlet Engine: Apache Tomcat/8.5.14
2018-08-10 18:00:04,775 INFO [localhost-startStop-1] o.a.c.c.C.[.[.[/] [DirectJDKLog.java:179] Initializing Spring embedded WebApplicationContext
2018-08-10 18:00:04,776 INFO [localhost-startStop-1] o.s.w.c.ContextLoader [EmbeddedWebApplicationContext.java:276] Root WebApplicationContext: initialization completed in 2147 ms
2018-08-10 18:00:04,957 INFO [localhost-startStop-1] o.s.b.w.s.FilterRegistrationBean [AbstractFilterRegistrationBean.java:258] Mapping filter: 'characterEncodingFilter' to: [/*]
2018-08-10 18:00:04,960 INFO [localhost-startStop-1] o.s.b.w.s.FilterRegistrationBean [AbstractFilterRegistrationBean.java:258] Mapping filter: 'hiddenHttpMethodFilter' to: [/*]
2018-08-10 18:00:04,962 INFO [localhost-startStop-1] o.s.b.w.s.FilterRegistrationBean [AbstractFilterRegistrationBean.java:258] Mapping filter: 'httpPutFormContentFilter' to: [/*]
2018-08-10 18:00:04,963 INFO [localhost-startStop-1] o.s.b.w.s.FilterRegistrationBean [AbstractFilterRegistrationBean.java:258] Mapping filter: 'requestContextFilter' to: [/*]
2018-08-10 18:00:04,964 INFO [localhost-startStop-1] o.s.b.w.s.DelegatingFilterProxyRegistrationBean [AbstractFilterRegistrationBean.java:258] Mapping filter: 'springSecurityFilterChain' to: [/*]
2018-08-10 18:00:04,965 INFO [localhost-startStop-1] o.s.b.w.s.FilterRegistrationBean [AbstractFilterRegistrationBean.java:258] Mapping filter: 'httpRequestResponseFilter' to: [/*]
2018-08-10 18:00:04,966 INFO [localhost-startStop-1] o.s.b.w.s.ServletRegistrationBean [ServletRegistrationBean.java:190] Mapping servlet: 'dispatcherServlet' to [/]
2018-08-10 18:00:04,970 INFO [localhost-startStop-1] o.s.b.w.s.ServletRegistrationBean [ServletRegistrationBean.java:190] Mapping servlet: 'webServlet' to [/h2/*]
2018-08-10 18:00:05,410 INFO [restartedMain] o.s.o.j.LocalContainerEntityManagerFactoryBean [LocalContainerEntityManagerFactoryBean.java:349] Building JPA container EntityManagerFactory for persistence unit 'default'
2018-08-10 18:00:05,422 INFO [restartedMain] o.h.j.i.u.LogHelper [LogHelper.java:31] HHH000204: Processing PersistenceUnitInfo [
	name: default
	...]
2018-08-10 18:00:05,476 INFO [restartedMain] o.h.Version [Version.java:37] HHH000412: Hibernate Core {5.0.12.Final}
2018-08-10 18:00:05,478 INFO [restartedMain] o.h.c.Environment [Environment.java:213] HHH000206: hibernate.properties not found
2018-08-10 18:00:05,479 INFO [restartedMain] o.h.c.Environment [Environment.java:317] HHH000021: Bytecode provider name : javassist
2018-08-10 18:00:05,517 INFO [restartedMain] o.h.a.c.Version [JavaReflectionManager.java:66] HCANN000001: Hibernate Commons Annotations {5.0.1.Final}
2018-08-10 18:00:05,757 INFO [restartedMain] o.h.d.Dialect [Dialect.java:156] HHH000400: Using dialect: org.hibernate.dialect.H2Dialect
2018-08-10 18:00:06,204 INFO [restartedMain] o.h.t.h.SchemaExport [SchemaExport.java:400] HHH000227: Running hbm2ddl schema export
2018-08-10 18:00:06,236 INFO [restartedMain] o.h.t.h.SchemaExport [SchemaExport.java:464] HHH000230: Schema export complete
2018-08-10 18:00:06,264 INFO [restartedMain] o.s.o.j.LocalContainerEntityManagerFactoryBean [AbstractEntityManagerFactoryBean.java:379] Initialized JPA EntityManagerFactory for persistence unit 'default'
2018-08-10 18:00:06,315 INFO [restartedMain] o.s.j.d.i.ScriptUtils [ScriptUtils.java:441] Executing SQL script from class path resource [sql/user.sql]
2018-08-10 18:00:06,323 INFO [restartedMain] o.s.j.d.i.ScriptUtils [ScriptUtils.java:507] Executed SQL script from class path resource [sql/user.sql] in 8 ms.
2018-08-10 18:00:06,323 INFO [restartedMain] o.s.j.d.i.ScriptUtils [ScriptUtils.java:441] Executing SQL script from class path resource [sql/recipes.sql]
2018-08-10 18:00:06,355 WARN [restartedMain] o.s.b.c.e.AnnotationConfigEmbeddedWebApplicationContext [AbstractApplicationContext.java:550] Exception encountered during context initialization - cancelling refresh attempt: org.springframework.beans.factory.UnsatisfiedDependencyException: Error creating bean with name 'dashController': Unsatisfied dependency expressed through field 'recipeService'; nested exception is org.springframework.beans.factory.UnsatisfiedDependencyException: Error creating bean with name 'recipeService' defined in file [/Users/Wegls/Documents/git/kuchel/target/classes/at/kuchel/service/RecipeService.class]: Unsatisfied dependency expressed through constructor parameter 0; nested exception is org.springframework.beans.factory.BeanCreationException: Error creating bean with name 'recipeRepository': Cannot create inner bean '(inner bean)#5d6efb54' of type [org.springframework.orm.jpa.SharedEntityManagerCreator] while setting bean property 'entityManager'; nested exception is org.springframework.beans.factory.BeanCreationException: Error creating bean with name '(inner bean)#5d6efb54': Cannot resolve reference to bean 'entityManagerFactory' while setting constructor argument; nested exception is org.springframework.beans.factory.BeanCreationException: Error creating bean with name 'entityManagerFactory': Post-processing of FactoryBean's singleton object failed; nested exception is org.springframework.jdbc.datasource.init.ScriptStatementFailedException: Failed to execute SQL script statement #59 of class path resource [sql/recipes.sql]: INSERT INTO Image (id, RECIPE_ID, data, modified_date) VALUES ('1', '1', FILE_READ('C:/karotten.jpg'), parsedatetime('23-02-2018 11:42:21.544', 'dd-MM-yyyy hh:mm:ss.SS')); nested exception is org.h2.jdbc.JdbcSQLException: Eingabe/Ausgabe: "java.io.FileNotFoundException: C:/karotten.jpg (No such file or directory)"; "C:/karotten.jpg"
IO Exception: "java.io.FileNotFoundException: C:/karotten.jpg (No such file or directory)"; "C:/karotten.jpg"; SQL statement:
INSERT INTO Image (id, RECIPE_ID, data, modified_date) VALUES ('1', '1', FILE_READ('C:/karotten.jpg'), parsedatetime('23-02-2018 11:42:21.544', 'dd-MM-yyyy hh:mm:ss.SS')) -- ('1', '1', FILE_READ('C:/karotten.jpg'), TIMESTAMP '2018-02-23 11:42:21.544') [90031-194]
2018-08-10 18:00:06,355 INFO [restartedMain] o.s.o.j.LocalContainerEntityManagerFactoryBean [AbstractEntityManagerFactoryBean.java:548] Closing JPA EntityManagerFactory for persistence unit 'default'
2018-08-10 18:00:06,356 INFO [restartedMain] o.h.t.h.SchemaExport [SchemaExport.java:400] HHH000227: Running hbm2ddl schema export
2018-08-10 18:00:06,368 INFO [restartedMain] o.h.t.h.SchemaExport [SchemaExport.java:464] HHH000230: Schema export complete
2018-08-10 18:00:06,375 INFO [restartedMain] o.a.c.c.StandardService [DirectJDKLog.java:179] Stopping service Tomcat
2018-08-10 18:00:06,386 INFO [restartedMain] o.s.b.a.l.AutoConfigurationReportLoggingInitializer [AutoConfigurationReportLoggingInitializer.java:101] 

Error starting ApplicationContext. To display the auto-configuration report re-run your application with 'debug' enabled.
2018-08-10 18:00:06,398 ERROR [restartedMain] o.s.b.SpringApplication [SpringApplication.java:815] Application startup failed
org.springframework.beans.factory.UnsatisfiedDependencyException: Error creating bean with name 'dashController': Unsatisfied dependency expressed through field 'recipeService'; nested exception is org.springframework.beans.factory.UnsatisfiedDependencyException: Error creating bean with name 'recipeService' defined in file [/Users/Wegls/Documents/git/kuchel/target/classes/at/kuchel/service/RecipeService.class]: Unsatisfied dependency expressed through constructor parameter 0; nested exception is org.springframework.beans.factory.BeanCreationException: Error creating bean with name 'recipeRepository': Cannot create inner bean '(inner bean)#5d6efb54' of type [org.springframework.orm.jpa.SharedEntityManagerCreator] while setting bean property 'entityManager'; nested exception is org.springframework.beans.factory.BeanCreationException: Error creating bean with name '(inner bean)#5d6efb54': Cannot resolve reference to bean 'entityManagerFactory' while setting constructor argument; nested exception is org.springframework.beans.factory.BeanCreationException: Error creating bean with name 'entityManagerFactory': Post-processing of FactoryBean's singleton object failed; nested exception is org.springframework.jdbc.datasource.init.ScriptStatementFailedException: Failed to execute SQL script statement #59 of class path resource [sql/recipes.sql]: INSERT INTO Image (id, RECIPE_ID, data, modified_date) VALUES ('1', '1', FILE_READ('C:/karotten.jpg'), parsedatetime('23-02-2018 11:42:21.544', 'dd-MM-yyyy hh:mm:ss.SS')); nested exception is org.h2.jdbc.JdbcSQLException: Eingabe/Ausgabe: "java.io.FileNotFoundException: C:/karotten.jpg (No such file or directory)"; "C:/karotten.jpg"
IO Exception: "java.io.FileNotFoundException: C:/karotten.jpg (No such file or directory)"; "C:/karotten.jpg"; SQL statement:
INSERT INTO Image (id, RECIPE_ID, data, modified_date) VALUES ('1', '1', FILE_READ('C:/karotten.jpg'), parsedatetime('23-02-2018 11:42:21.544', 'dd-MM-yyyy hh:mm:ss.SS')) -- ('1', '1', FILE_READ('C:/karotten.jpg'), TIMESTAMP '2018-02-23 11:42:21.544') [90031-194]
	at org.springframework.beans.factory.annotation.AutowiredAnnotationBeanPostProcessor$AutowiredFieldElement.inject(AutowiredAnnotationBeanPostProcessor.java:588)
	at org.springframework.beans.factory.annotation.InjectionMetadata.inject(InjectionMetadata.java:88)
	at org.springframework.beans.factory.annotation.AutowiredAnnotationBeanPostProcessor.postProcessPropertyValues(AutowiredAnnotationBeanPostProcessor.java:366)
	at org.springframework.beans.factory.support.AbstractAutowireCapableBeanFactory.populateBean(AbstractAutowireCapableBeanFactory.java:1264)
	at org.springframework.beans.factory.support.AbstractAutowireCapableBeanFactory.doCreateBean(AbstractAutowireCapableBeanFactory.java:553)
	at org.springframework.beans.factory.support.AbstractAutowireCapableBeanFactory.createBean(AbstractAutowireCapableBeanFactory.java:483)
	at org.springframework.beans.factory.support.AbstractBeanFactory$1.getObject(AbstractBeanFactory.java:306)
	at org.springframework.beans.factory.support.DefaultSingletonBeanRegistry.getSingleton(DefaultSingletonBeanRegistry.java:230)
	at org.springframework.beans.factory.support.AbstractBeanFactory.doGetBean(AbstractBeanFactory.java:302)
	at org.springframework.beans.factory.support.AbstractBeanFactory.getBean(AbstractBeanFactory.java:197)
	at org.springframework.beans.factory.support.DefaultListableBeanFactory.preInstantiateSingletons(DefaultListableBeanFactory.java:761)
	at org.springframework.context.support.AbstractApplicationContext.finishBeanFactoryInitialization(AbstractApplicationContext.java:866)
	at org.springframework.context.support.AbstractApplicationContext.refresh(AbstractApplicationContext.java:542)
	at org.springframework.boot.context.embedded.EmbeddedWebApplicationContext.refresh(EmbeddedWebApplicationContext.java:122)
	at org.springframework.boot.SpringApplication.refresh(SpringApplication.java:737)
	at org.springframework.boot.SpringApplication.refreshContext(SpringApplication.java:370)
	at org.springframework.boot.SpringApplication.run(SpringApplication.java:314)
	at org.springframework.boot.SpringApplication.run(SpringApplication.java:1162)
	at org.springframework.boot.SpringApplication.run(SpringApplication.java:1151)
	at at.kuchel.Application.main(Application.java:9)
	at sun.reflect.NativeMethodAccessorImpl.invoke0(Native Method)
	at sun.reflect.NativeMethodAccessorImpl.invoke(NativeMethodAccessorImpl.java:62)
	at sun.reflect.DelegatingMethodAccessorImpl.invoke(DelegatingMethodAccessorImpl.java:43)
	at java.lang.reflect.Method.invoke(Method.java:498)
	at org.springframework.boot.devtools.restart.RestartLauncher.run(RestartLauncher.java:49)
Caused by: org.springframework.beans.factory.UnsatisfiedDependencyException: Error creating bean with name 'recipeService' defined in file [/Users/Wegls/Documents/git/kuchel/target/classes/at/kuchel/service/RecipeService.class]: Unsatisfied dependency expressed through constructor parameter 0; nested exception is org.springframework.beans.factory.BeanCreationException: Error creating bean with name 'recipeRepository': Cannot create inner bean '(inner bean)#5d6efb54' of type [org.springframework.orm.jpa.SharedEntityManagerCreator] while setting bean property 'entityManager'; nested exception is org.springframework.beans.factory.BeanCreationException: Error creating bean with name '(inner bean)#5d6efb54': Cannot resolve reference to bean 'entityManagerFactory' while setting constructor argument; nested exception is org.springframework.beans.factory.BeanCreationException: Error creating bean with name 'entityManagerFactory': Post-processing of FactoryBean's singleton object failed; nested exception is org.springframework.jdbc.datasource.init.ScriptStatementFailedException: Failed to execute SQL script statement #59 of class path resource [sql/recipes.sql]: INSERT INTO Image (id, RECIPE_ID, data, modified_date) VALUES ('1', '1', FILE_READ('C:/karotten.jpg'), parsedatetime('23-02-2018 11:42:21.544', 'dd-MM-yyyy hh:mm:ss.SS')); nested exception is org.h2.jdbc.JdbcSQLException: Eingabe/Ausgabe: "java.io.FileNotFoundException: C:/karotten.jpg (No such file or directory)"; "C:/karotten.jpg"
IO Exception: "java.io.FileNotFoundException: C:/karotten.jpg (No such file or directory)"; "C:/karotten.jpg"; SQL statement:
INSERT INTO Image (id, RECIPE_ID, data, modified_date) VALUES ('1', '1', FILE_READ('C:/karotten.jpg'), parsedatetime('23-02-2018 11:42:21.544', 'dd-MM-yyyy hh:mm:ss.SS')) -- ('1', '1', FILE_READ('C:/karotten.jpg'), TIMESTAMP '2018-02-23 11:42:21.544') [90031-194]
	at org.springframework.beans.factory.support.ConstructorResolver.createArgumentArray(ConstructorResolver.java:749)
	at org.springframework.beans.factory.support.ConstructorResolver.autowireConstructor(ConstructorResolver.java:189)
	at org.springframework.beans.factory.support.AbstractAutowireCapableBeanFactory.autowireConstructor(AbstractAutowireCapableBeanFactory.java:1193)
	at org.springframework.beans.factory.support.AbstractAutowireCapableBeanFactory.createBeanInstance(AbstractAutowireCapableBeanFactory.java:1095)
	at org.springframework.beans.factory.support.AbstractAutowireCapableBeanFactory.doCreateBean(AbstractAutowireCapableBeanFactory.java:513)
	at org.springframework.beans.factory.support.AbstractAutowireCapableBeanFactory.createBean(AbstractAutowireCapableBeanFactory.java:483)
	at org.springframework.beans.factory.support.AbstractBeanFactory$1.getObject(AbstractBeanFactory.java:306)
	at org.springframework.beans.factory.support.DefaultSingletonBeanRegistry.getSingleton(DefaultSingletonBeanRegistry.java:230)
	at org.springframework.beans.factory.support.AbstractBeanFactory.doGetBean(AbstractBeanFactory.java:302)
	at org.springframework.beans.factory.support.AbstractBeanFactory.getBean(AbstractBeanFactory.java:202)
	at org.springframework.beans.factory.config.DependencyDescriptor.resolveCandidate(DependencyDescriptor.java:208)
	at org.springframework.beans.factory.support.DefaultListableBeanFactory.doResolveDependency(DefaultListableBeanFactory.java:1138)
	at org.springframework.beans.factory.support.DefaultListableBeanFactory.resolveDependency(DefaultListableBeanFactory.java:1066)
	at org.springframework.beans.factory.annotation.AutowiredAnnotationBeanPostProcessor$AutowiredFieldElement.inject(AutowiredAnnotationBeanPostProcessor.java:585)
	... 24 common frames omitted
Caused by: org.springframework.beans.factory.BeanCreationException: Error creating bean with name 'recipeRepository': Cannot create inner bean '(inner bean)#5d6efb54' of type [org.springframework.orm.jpa.SharedEntityManagerCreator] while setting bean property 'entityManager'; nested exception is org.springframework.beans.factory.BeanCreationException: Error creating bean with name '(inner bean)#5d6efb54': Cannot resolve reference to bean 'entityManagerFactory' while setting constructor argument; nested exception is org.springframework.beans.factory.BeanCreationException: Error creating bean with name 'entityManagerFactory': Post-processing of FactoryBean's singleton object failed; nested exception is org.springframework.jdbc.datasource.init.ScriptStatementFailedException: Failed to execute SQL script statement #59 of class path resource [sql/recipes.sql]: INSERT INTO Image (id, RECIPE_ID, data, modified_date) VALUES ('1', '1', FILE_READ('C:/karotten.jpg'), parsedatetime('23-02-2018 11:42:21.544', 'dd-MM-yyyy hh:mm:ss.SS')); nested exception is org.h2.jdbc.JdbcSQLException: Eingabe/Ausgabe: "java.io.FileNotFoundException: C:/karotten.jpg (No such file or directory)"; "C:/karotten.jpg"
IO Exception: "java.io.FileNotFoundException: C:/karotten.jpg (No such file or directory)"; "C:/karotten.jpg"; SQL statement:
INSERT INTO Image (id, RECIPE_ID, data, modified_date) VALUES ('1', '1', FILE_READ('C:/karotten.jpg'), parsedatetime('23-02-2018 11:42:21.544', 'dd-MM-yyyy hh:mm:ss.SS')) -- ('1', '1', FILE_READ('C:/karotten.jpg'), TIMESTAMP '2018-02-23 11:42:21.544') [90031-194]
	at org.springframework.beans.factory.support.BeanDefinitionValueResolver.resolveInnerBean(BeanDefinitionValueResolver.java:313)
	at org.springframework.beans.factory.support.BeanDefinitionValueResolver.resolveValueIfNecessary(BeanDefinitionValueResolver.java:129)
	at org.springframework.beans.factory.support.AbstractAutowireCapableBeanFactory.applyPropertyValues(AbstractAutowireCapableBeanFactory.java:1531)
	at org.springframework.beans.factory.support.AbstractAutowireCapableBeanFactory.populateBean(AbstractAutowireCapableBeanFactory.java:1276)
	at org.springframework.beans.factory.support.AbstractAutowireCapableBeanFactory.doCreateBean(AbstractAutowireCapableBeanFactory.java:553)
	at org.springframework.beans.factory.support.AbstractAutowireCapableBeanFactory.createBean(AbstractAutowireCapableBeanFactory.java:483)
	at org.springframework.beans.factory.support.AbstractBeanFactory$1.getObject(AbstractBeanFactory.java:306)
	at org.springframework.beans.factory.support.DefaultSingletonBeanRegistry.getSingleton(DefaultSingletonBeanRegistry.java:230)
	at org.springframework.beans.factory.support.AbstractBeanFactory.doGetBean(AbstractBeanFactory.java:302)
	at org.springframework.beans.factory.support.AbstractBeanFactory.getBean(AbstractBeanFactory.java:202)
	at org.springframework.beans.factory.config.DependencyDescriptor.resolveCandidate(DependencyDescriptor.java:208)
	at org.springframework.beans.factory.support.DefaultListableBeanFactory.doResolveDependency(DefaultListableBeanFactory.java:1138)
	at org.springframework.beans.factory.support.DefaultListableBeanFactory.resolveDependency(DefaultListableBeanFactory.java:1066)
	at org.springframework.beans.factory.support.ConstructorResolver.resolveAutowiredArgument(ConstructorResolver.java:835)
	at org.springframework.beans.factory.support.ConstructorResolver.createArgumentArray(ConstructorResolver.java:741)
	... 37 common frames omitted
Caused by: org.springframework.beans.factory.BeanCreationException: Error creating bean with name '(inner bean)#5d6efb54': Cannot resolve reference to bean 'entityManagerFactory' while setting constructor argument; nested exception is org.springframework.beans.factory.BeanCreationException: Error creating bean with name 'entityManagerFactory': Post-processing of FactoryBean's singleton object failed; nested exception is org.springframework.jdbc.datasource.init.ScriptStatementFailedException: Failed to execute SQL script statement #59 of class path resource [sql/recipes.sql]: INSERT INTO Image (id, RECIPE_ID, data, modified_date) VALUES ('1', '1', FILE_READ('C:/karotten.jpg'), parsedatetime('23-02-2018 11:42:21.544', 'dd-MM-yyyy hh:mm:ss.SS')); nested exception is org.h2.jdbc.JdbcSQLException: Eingabe/Ausgabe: "java.io.FileNotFoundException: C:/karotten.jpg (No such file or directory)"; "C:/karotten.jpg"
IO Exception: "java.io.FileNotFoundException: C:/karotten.jpg (No such file or directory)"; "C:/karotten.jpg"; SQL statement:
INSERT INTO Image (id, RECIPE_ID, data, modified_date) VALUES ('1', '1', FILE_READ('C:/karotten.jpg'), parsedatetime('23-02-2018 11:42:21.544', 'dd-MM-yyyy hh:mm:ss.SS')) -- ('1', '1', FILE_READ('C:/karotten.jpg'), TIMESTAMP '2018-02-23 11:42:21.544') [90031-194]
	at org.springframework.beans.factory.support.BeanDefinitionValueResolver.resolveReference(BeanDefinitionValueResolver.java:359)
	at org.springframework.beans.factory.support.BeanDefinitionValueResolver.resolveValueIfNecessary(BeanDefinitionValueResolver.java:108)
	at org.springframework.beans.factory.support.ConstructorResolver.resolveConstructorArguments(ConstructorResolver.java:634)
	at org.springframework.beans.factory.support.ConstructorResolver.instantiateUsingFactoryMethod(ConstructorResolver.java:448)
	at org.springframework.beans.factory.support.AbstractAutowireCapableBeanFactory.instantiateUsingFactoryMethod(AbstractAutowireCapableBeanFactory.java:1173)
	at org.springframework.beans.factory.support.AbstractAutowireCapableBeanFactory.createBeanInstance(AbstractAutowireCapableBeanFactory.java:1067)
	at org.springframework.beans.factory.support.AbstractAutowireCapableBeanFactory.doCreateBean(AbstractAutowireCapableBeanFactory.java:513)
	at org.springframework.beans.factory.support.AbstractAutowireCapableBeanFactory.createBean(AbstractAutowireCapableBeanFactory.java:483)
	at org.springframework.beans.factory.support.BeanDefinitionValueResolver.resolveInnerBean(BeanDefinitionValueResolver.java:299)
	... 51 common frames omitted
Caused by: org.springframework.beans.factory.BeanCreationException: Error creating bean with name 'entityManagerFactory': Post-processing of FactoryBean's singleton object failed; nested exception is org.springframework.jdbc.datasource.init.ScriptStatementFailedException: Failed to execute SQL script statement #59 of class path resource [sql/recipes.sql]: INSERT INTO Image (id, RECIPE_ID, data, modified_date) VALUES ('1', '1', FILE_READ('C:/karotten.jpg'), parsedatetime('23-02-2018 11:42:21.544', 'dd-MM-yyyy hh:mm:ss.SS')); nested exception is org.h2.jdbc.JdbcSQLException: Eingabe/Ausgabe: "java.io.FileNotFoundException: C:/karotten.jpg (No such file or directory)"; "C:/karotten.jpg"
IO Exception: "java.io.FileNotFoundException: C:/karotten.jpg (No such file or directory)"; "C:/karotten.jpg"; SQL statement:
INSERT INTO Image (id, RECIPE_ID, data, modified_date) VALUES ('1', '1', FILE_READ('C:/karotten.jpg'), parsedatetime('23-02-2018 11:42:21.544', 'dd-MM-yyyy hh:mm:ss.SS')) -- ('1', '1', FILE_READ('C:/karotten.jpg'), TIMESTAMP '2018-02-23 11:42:21.544') [90031-194]
	at org.springframework.beans.factory.support.FactoryBeanRegistrySupport.getObjectFromFactoryBean(FactoryBeanRegistrySupport.java:116)
	at org.springframework.beans.factory.support.AbstractBeanFactory.getObjectForBeanInstance(AbstractBeanFactory.java:1634)
	at org.springframework.beans.factory.support.AbstractBeanFactory.doGetBean(AbstractBeanFactory.java:254)
	at org.springframework.beans.factory.support.AbstractBeanFactory.getBean(AbstractBeanFactory.java:197)
	at org.springframework.beans.factory.support.BeanDefinitionValueResolver.resolveReference(BeanDefinitionValueResolver.java:351)
	... 59 common frames omitted
Caused by: org.springframework.jdbc.datasource.init.ScriptStatementFailedException: Failed to execute SQL script statement #59 of class path resource [sql/recipes.sql]: INSERT INTO Image (id, RECIPE_ID, data, modified_date) VALUES ('1', '1', FILE_READ('C:/karotten.jpg'), parsedatetime('23-02-2018 11:42:21.544', 'dd-MM-yyyy hh:mm:ss.SS')); nested exception is org.h2.jdbc.JdbcSQLException: Eingabe/Ausgabe: "java.io.FileNotFoundException: C:/karotten.jpg (No such file or directory)"; "C:/karotten.jpg"
IO Exception: "java.io.FileNotFoundException: C:/karotten.jpg (No such file or directory)"; "C:/karotten.jpg"; SQL statement:
INSERT INTO Image (id, RECIPE_ID, data, modified_date) VALUES ('1', '1', FILE_READ('C:/karotten.jpg'), parsedatetime('23-02-2018 11:42:21.544', 'dd-MM-yyyy hh:mm:ss.SS')) -- ('1', '1', FILE_READ('C:/karotten.jpg'), TIMESTAMP '2018-02-23 11:42:21.544') [90031-194]
	at org.springframework.jdbc.datasource.init.ScriptUtils.executeSqlScript(ScriptUtils.java:491)
	at org.springframework.jdbc.datasource.init.ResourceDatabasePopulator.populate(ResourceDatabasePopulator.java:238)
	at org.springframework.jdbc.datasource.init.DatabasePopulatorUtils.execute(DatabasePopulatorUtils.java:48)
	at org.springframework.boot.autoconfigure.jdbc.DataSourceInitializer.runScripts(DataSourceInitializer.java:192)
	at org.springframework.boot.autoconfigure.jdbc.DataSourceInitializer.runDataScripts(DataSourceInitializer.java:128)
	at org.springframework.boot.autoconfigure.jdbc.DataSourceInitializer.onApplicationEvent(DataSourceInitializer.java:118)
	at org.springframework.boot.autoconfigure.jdbc.DataSourceInitializer.onApplicationEvent(DataSourceInitializer.java:51)
	at org.springframework.context.event.SimpleApplicationEventMulticaster.invokeListener(SimpleApplicationEventMulticaster.java:167)
	at org.springframework.context.event.SimpleApplicationEventMulticaster.multicastEvent(SimpleApplicationEventMulticaster.java:139)
	at org.springframework.context.support.AbstractApplicationContext.publishEvent(AbstractApplicationContext.java:383)
	at org.springframework.context.support.AbstractApplicationContext.publishEvent(AbstractApplicationContext.java:337)
	at org.springframework.boot.autoconfigure.orm.jpa.DataSourceInitializedPublisher.publishEventIfRequired(DataSourceInitializedPublisher.java:77)
	at org.springframework.boot.autoconfigure.orm.jpa.DataSourceInitializedPublisher.postProcessAfterInitialization(DataSourceInitializedPublisher.java:68)
	at org.springframework.beans.factory.support.AbstractAutowireCapableBeanFactory.applyBeanPostProcessorsAfterInitialization(AbstractAutowireCapableBeanFactory.java:423)
	at org.springframework.beans.factory.support.AbstractAutowireCapableBeanFactory.postProcessObjectFromFactoryBean(AbstractAutowireCapableBeanFactory.java:1775)
	at org.springframework.beans.factory.support.FactoryBeanRegistrySupport.getObjectFromFactoryBean(FactoryBeanRegistrySupport.java:113)
	... 63 common frames omitted
Caused by: org.h2.jdbc.JdbcSQLException: Eingabe/Ausgabe: "java.io.FileNotFoundException: C:/karotten.jpg (No such file or directory)"; "C:/karotten.jpg"
IO Exception: "java.io.FileNotFoundException: C:/karotten.jpg (No such file or directory)"; "C:/karotten.jpg"; SQL statement:
INSERT INTO Image (id, RECIPE_ID, data, modified_date) VALUES ('1', '1', FILE_READ('C:/karotten.jpg'), parsedatetime('23-02-2018 11:42:21.544', 'dd-MM-yyyy hh:mm:ss.SS')) -- ('1', '1', FILE_READ('C:/karotten.jpg'), TIMESTAMP '2018-02-23 11:42:21.544') [90031-194]
	at org.h2.message.DbException.getJdbcSQLException(DbException.java:345)
	at org.h2.message.DbException.get(DbException.java:168)
	at org.h2.message.DbException.convertIOException(DbException.java:330)
	at org.h2.expression.Function.getValueWithArgs(Function.java:1634)
	at org.h2.expression.Function.getValue(Function.java:590)
	at org.h2.command.dml.Insert.insertRows(Insert.java:143)
	at org.h2.command.dml.Insert.update(Insert.java:114)
	at org.h2.command.CommandContainer.update(CommandContainer.java:101)
	at org.h2.command.Command.executeUpdate(Command.java:258)
	at org.h2.jdbc.JdbcStatement.executeInternal(JdbcStatement.java:184)
	at org.h2.jdbc.JdbcStatement.execute(JdbcStatement.java:158)
	at sun.reflect.GeneratedMethodAccessor40.invoke(Unknown Source)
	at sun.reflect.DelegatingMethodAccessorImpl.invoke(DelegatingMethodAccessorImpl.java:43)
	at java.lang.reflect.Method.invoke(Method.java:498)
	at org.apache.tomcat.jdbc.pool.StatementFacade$StatementProxy.invoke(StatementFacade.java:114)
	at com.sun.proxy.$Proxy105.execute(Unknown Source)
	at org.springframework.jdbc.datasource.init.ScriptUtils.executeSqlScript(ScriptUtils.java:470)
	... 78 common frames omitted
Caused by: java.io.FileNotFoundException: C:/karotten.jpg (No such file or directory)
	at java.io.FileInputStream.open0(Native Method)
	at java.io.FileInputStream.open(FileInputStream.java:195)
	at java.io.FileInputStream.<init>(FileInputStream.java:138)
	at java.io.FileInputStream.<init>(FileInputStream.java:93)
	at org.h2.store.fs.FilePathDisk.newInputStream(FilePathDisk.java:321)
	at org.h2.store.fs.FileUtils.newInputStream(FileUtils.java:218)
	at org.h2.expression.Function.getValueWithArgs(Function.java:1619)
	... 91 common frames omitted
